<?xml version="1.0" encoding="UTF-8"?>
<testsuite name="com.csc.TestCalculator" tests="11" skipped="0" failures="0" errors="0" timestamp="2024-12-14T05:43:55" hostname="DESKTOP-H3UO8NH" time="0.036">
  <properties/>
  <testcase name="testOddsOnly()" classname="com.csc.TestCalculator" time="0.013"/>
  <testcase name="testMaximumFunctionForLoop()" classname="com.csc.TestCalculator" time="0.001"/>
  <testcase name="testMaximumStreams()" classname="com.csc.TestCalculator" time="0.001"/>
  <testcase name="testSumFunctionForLoop()" classname="com.csc.TestCalculator" time="0.001"/>
  <testcase name="testMinimumFunctionForLoop()" classname="com.csc.TestCalculator" time="0.0"/>
  <testcase name="testMinimumStreams()" classname="com.csc.TestCalculator" time="0.0"/>
  <testcase name="testsumStreams()" classname="com.csc.TestCalculator" time="0.001"/>
  <testcase name="testAvgFunctionForLoop()" classname="com.csc.TestCalculator" time="0.001"/>
  <testcase name="testEvensOnly()" classname="com.csc.TestCalculator" time="0.002"/>
  <testcase name="testAvgStreams()" classname="com.csc.TestCalculator" time="0.005"/>
  <testcase name="itWorks()" classname="com.csc.TestCalculator" time="0.001"/>
  <system-out><![CDATA[]]></system-out>
  <system-err><![CDATA[]]></system-err>
</testsuite>
